<?xml version="1.0" encoding="UTF-8"?>
<testsuite name="Idempotent Cleanup" tests="5">
  <testcase name="remove__srv_support_uploads_'--checkpoint=1'">
    <system-out>removed</system-out>
  </testcase>
  <testcase name="remove__srv_support_uploads_'--checkpoint-action=exec=sh_payload.sh'">
    <system-out>removed</system-out>
  </testcase>
  <testcase name="remove__srv_support_uploads_payload.sh">
    <system-out>removed</system-out>
  </testcase>
  <testcase name="remove__srv_support_uploads_dummy.txt">
    <system-out>removed</system-out>
  </testcase>
  <testcase name="remove__srv_support_uploads__tmp_rootshell">
    <system-out>removed</system-out>
  </testcase>
</testsuite>
